#
# There is insufficient memory for the Java Runtime Environment to continue.
# Native memory allocation (malloc) failed to allocate 1388816 bytes. Error detail: Chunk::new
# Possible reasons:
#   The system is out of physical RAM or swap space
#   This process is running with CompressedOops enabled, and the Java Heap may be blocking the growth of the native heap
# Possible solutions:
#   Reduce memory load on the system
#   Increase physical memory or swap space
#   Check if swap backing store is full
#   Decrease Java heap size (-Xmx/-Xms)
#   Decrease number of Java threads
#   Decrease Java thread stack sizes (-Xss)
#   Set larger code cache with -XX:ReservedCodeCacheSize=
#   JVM is running with Unscaled Compressed Oops mode in which the Java heap is
#     placed in the first 4GB address space. The Java Heap base address is the
#     maximum limit for the native heap growth. Please use -XX:HeapBaseMinAddress
#     to set the Java Heap base and to place the Java Heap above 4GB virtual address.
# This output file may be truncated or incomplete.
#
#  Out of Memory Error (arena.cpp:168), pid=13384, tid=14952
#
# JRE version: OpenJDK Runtime Environment (21.0.4) (build 21.0.4+-12508038-b607.1)
# Java VM: OpenJDK 64-Bit Server VM (21.0.4+-12508038-b607.1, mixed mode, tiered, compressed oops, compressed class ptrs, g1 gc, windows-amd64)
# No core dump will be written. Minidumps are not enabled by default on client versions of Windows
#

---------------  S U M M A R Y ------------

Command Line: --add-opens=java.base/java.util=ALL-UNNAMED --add-opens=java.base/java.lang=ALL-UNNAMED --add-opens=java.base/java.lang.invoke=ALL-UNNAMED --add-opens=java.prefs/java.util.prefs=ALL-UNNAMED --add-exports=jdk.compiler/com.sun.tools.javac.api=ALL-UNNAMED --add-exports=jdk.compiler/com.sun.tools.javac.util=ALL-UNNAMED --add-opens=java.base/java.nio.charset=ALL-UNNAMED --add-opens=java.base/java.net=ALL-UNNAMED --add-opens=java.base/java.util.concurrent.atomic=ALL-UNNAMED -Xmx2048m -Dfile.encoding=UTF-8 -Duser.country=FR -Duser.language=fr -Duser.variant -javaagent:C:\Users\USER\.gradle\wrapper\dists\gradle-8.10.2-bin\a04bxjujx95o3nb99gddekhwo\gradle-8.10.2\lib\agents\gradle-instrumentation-agent-8.10.2.jar org.gradle.launcher.daemon.bootstrap.GradleDaemon 8.10.2

Host: 11th Gen Intel(R) Core(TM) i5-1135G7 @ 2.40GHz, 8 cores, 15G,  Windows 11 , 64 bit Build 26100 (10.0.26100.3323)
Time: Tue Apr  1 14:50:02 2025 Paris, Madrid (heure duild 26100 (10.0.26100.3323) elapsed time: 5.465895 seconds (0d 0h 0m 5s)

---------------  T H R E A D  ---------------

Current thread (0x000001cb4f557bf0):  JavaThread "C2 CompilerThread2" daemon [_thread_in_native, id=14952, stack(0x000000a729300000,0x000000a729400000) (1024K)]


Current CompileTask:
C2:   5465 4623       4       java.net.URLClassLoader$1::run (5 bytes)

Stack: [0x000000a729300000,0x000000a729400000]
Native frames: (J=compiled Java code, j=interpreted, Vv=VM code, C=native code)
V  [jvm.dll+0x6ce539]
V  [jvm.dll+0x85bf03]
V  [jvm.dll+0x85e45e]
V  [jvm.dll+0x85eb43]
V  [jvm.dll+0x27dd06]
V  [jvm.dll+0xbf9cd]
V  [jvm.dll+0xbff03]
V  [jvm.dll+0x3b4db1]
V  [jvm.dll+0x1de004]
V  [jvm.dll+0x247544]
V  [jvm.dll+0x2469c1]
V  [jvm.dll+0x1c58a4]
V  [jvm.dll+0x255fec]
V  [jvm.dll+0x254536]
V  [jvm.dll+0x3efab6]
V  [jvm.dll+0x804418]
V  [jvm.dll+0x6cce0d]
C  [ucrtbase.dll+0x37b0]
C  [KERNEL32.DLL+0x2e8d7]
C  [ntdll.dll+0xbbf6c]


---------------  P R O C E S S  ---------------

Threads class SMR info:
_java_thread_list=0x000001cb5201acb0, length=34, elements={
0x000001cb334b8c00, 0x000001cb4f0fefd0, 0x000001cb4f1005a0, 0x000001cb4f11d460,
0x000001cb4f0e88e0, 0x000001cb4f0eb790, 0x000001cb4f0ed500, 0x000001cb4f122650,
0x000001cb4f127c70, 0x000001cb4f190b40, 0x000001cb4f459d80, 0x000001cb4f538af0,
0x000001cb4f557bf0, 0x000001cb50cc43b0, 0x000001cb512ee010, 0x000001cb50ce2790,
0x000001cb50d84720, 0x000001cb5111ac00, 0x000001cb5111b270, 0x000001cb5115ef80,
0x000001cb5115bb00, 0x000001cb5115e8f0, 0x000001cb5115ceb0, 0x000001cb5115dbd0,
0x000001cb5115d540, 0x000001cb5115c190, 0x000001cb5115c820, 0x000001cb53e6bca0,
0x000001cb53e6c9c0, 0x000001cb53e6c330, 0x000001cb53e69540, 0x000001cb53e6a8f0,
0x000001cb53e6af80, 0x000001cb53e6d050
}

Java Threads: ( => current thread )
  0x000001cb334b8c00 JavaThread "main"                              [_thread_blocked, id=12624, stack(0x000000a728000000,0x000000a728100000) (1024K)]
  0x000001cb4f0fefd0 JavaThread "Reference Handler"          daemon [_thread_blocked, id=2148, stack(0x000000a728800000,0x000000a728900000) (1024K)]
  0x000001cb4f1005a0 JavaThread "Finalizer"                  daemon [_thread_blocked, id=3088, stack(0x000000a728900000,0x000000a728a00000) (1024K)]
  0x000001cb4f11d460 JavaThread "Signal Dispatcher"          daemon [_thread_blocked, id=16868, stack(0x000000a728a00000,0x000000a728b00000) (1024K)]
  0x000001cb4f0e88e0 JavaThread "Attach Listener"            daemon [_thread_blocked, id=2764, stack(0x000000a728b00000,0x000000a728c00000) (1024K)]
  0x000001cb4f0eb790 JavaThread "Service Thread"             daemon [_thread_blocked, id=19312, stack(0x000000a728c00000,0x000000a728d00000) (1024K)]
  0x000001cb4f0ed500 JavaThread "Monitor Deflation Thread"   daemon [_thread_blocked, id=11780, stack(0x000000a728d00000,0x000000a728e00000) (1024K)]
  0x000001cb4f122650 JavaThread "C2 CompilerThread0"         daemon [_thread_in_native, id=4392, stack(0x000000a728e00000,0x000000a728f00000) (1024K)]
  0x000001cb4f127c70 JavaThread "C1 CompilerThread0"         daemon [_thread_blocked, id=4044, stack(0x000000a728f00000,0x000000a729000000) (1024K)]
  0x000001cb4f190b40 JavaThread "Common-Cleaner"             daemon [_thread_blocked, id=9944, stack(0x000000a729000000,0x000000a729100000) (1024K)]
  0x000001cb4f459d80 JavaThread "Notification Thread"        daemon [_thread_blocked, id=3308, stack(0x000000a729100000,0x000000a729200000) (1024K)]
  0x000001cb4f538af0 JavaThread "C2 CompilerThread1"         daemon [_thread_in_native, id=14680, stack(0x000000a729200000,0x000000a729300000) (1024K)]
=>0x000001cb4f557bf0 JavaThread "C2 CompilerThread2"         daemon [_thread_in_native, id=14952, stack(0x000000a729300000,0x000000a729400000) (1024K)]
  0x000001cb50cc43b0 JavaThread "Daemon health stats"               [_thread_blocked, id=15988, stack(0x000000a729b00000,0x000000a729c00000) (1024K)]
  0x000001cb512ee010 JavaThread "Incoming local TCP Connector on port 50172"        [_thread_in_native, id=5152, stack(0x000000a729c00000,0x000000a729d00000) (1024K)]
  0x000001cb50ce2790 JavaThread "Daemon periodic checks"            [_thread_blocked, id=6952, stack(0x000000a729d00000,0x000000a729e00000) (1024K)]
  0x000001cb50d84720 JavaThread "Daemon"                            [_thread_blocked, id=6892, stack(0x000000a729e00000,0x000000a729f00000) (1024K)]
  0x000001cb5111ac00 JavaThread "Handler for socket connection from /127.0.0.1:50172 to /127.0.0.1:50183"        [_thread_in_native, id=20204, stack(0x000000a729f00000,0x000000a72a000000) (1024K)]
  0x000001cb5111b270 JavaThread "Cancel handler"                    [_thread_blocked, id=15984, stack(0x000000a72a000000,0x000000a72a100000) (1024K)]
  0x000001cb5115ef80 JavaThread "Daemon worker"                     [_thread_in_native, id=2064, stack(0x000000a72a100000,0x000000a72a200000) (1024K)]
  0x000001cb5115bb00 JavaThread "Asynchronous log dispatcher for DefaultDaemonConnection: socket connection from /127.0.0.1:50172 to /127.0.0.1:50183"        [_thread_blocked, id=15316, stack(0x000000a72a200000,0x000000a72a300000) (1024K)]
  0x000001cb5115e8f0 JavaThread "Stdin handler"                     [_thread_blocked, id=12716, stack(0x000000a72a300000,0x000000a72a400000) (1024K)]
  0x000001cb5115ceb0 JavaThread "Daemon client event forwarder"        [_thread_blocked, id=17356, stack(0x000000a72a400000,0x000000a72a500000) (1024K)]
  0x000001cb5115dbd0 JavaThread "Cache worker for journal cache (C:\Users\USER\.gradle\caches\journal-1)"        [_thread_blocked, id=17572, stack(0x000000a72a600000,0x000000a72a700000) (1024K)]
  0x000001cb5115d540 JavaThread "File lock request listener"        [_thread_in_native, id=18848, stack(0x000000a72a700000,0x000000a72a800000) (1024K)]
  0x000001cb5115c190 JavaThread "Cache worker for file hash cache (C:\Users\USER\.gradle\caches\8.10.2\fileHashes)"        [_thread_blocked, id=2420, stack(0x000000a72a800000,0x000000a72a900000) (1024K)]
  0x000001cb5115c820 JavaThread "Cache worker for file hash cache (C:\Users\USER\AndroidStudioProjects\.gradle\8.10.2\fileHashes)"        [_thread_blocked, id=17744, stack(0x000000a72a900000,0x000000a72aa00000) (1024K)]
  0x000001cb53e6bca0 JavaThread "Cache worker for Build Output Cleanup Cache (C:\Users\USER\AndroidStudioProjects\.gradle\buildOutputCleanup)"        [_thread_blocked, id=13872, stack(0x000000a72aa00000,0x000000a72ab00000) (1024K)]
  0x000001cb53e6c9c0 JavaThread "File watcher server"        daemon [_thread_in_native, id=9068, stack(0x000000a72ab00000,0x000000a72ac00000) (1024K)]
  0x000001cb53e6c330 JavaThread "File watcher consumer"      daemon [_thread_blocked, id=13280, stack(0x000000a72ac00000,0x000000a72ad00000) (1024K)]
  0x000001cb53e69540 JavaThread "Cache worker for checksums cache (C:\Users\USER\AndroidStudioProjects\.gradle\8.10.2\checksums)"        [_thread_blocked, id=14280, stack(0x000000a72ad00000,0x000000a72ae00000) (1024K)]
  0x000001cb53e6a8f0 JavaThread "Cache worker for file content cache (C:\Users\USER\.gradle\caches\8.10.2\fileContent)"        [_thread_blocked, id=9916, stack(0x000000a72ae00000,0x000000a72af00000) (1024K)]
  0x000001cb53e6af80 JavaThread "Cache worker for cache directory md-rule (C:\Users\USER\.gradle\caches\8.10.2\md-rule)"        [_thread_blocked, id=19692, stack(0x000000a72af00000,0x000000a72b000000) (1024K)]
  0x000001cb53e6d050 JavaThread "Cache worker for cache directory md-supplier (C:\Users\USER\.gradle\caches\8.10.2\md-supplier)"        [_thread_blocked, id=7740, stack(0x000000a72b000000,0x000000a72b100000) (1024K)]
Total: 34

Other Threads:
  0x000001cb4f046e20 VMThread "VM Thread"                           [id=10656, stack(0x000000a728700000,0x000000a728800000) (1024K)]
  0x000001cb4aba54e0 WatcherThread "VM Periodic Task Thread"        [id=14436, stack(0x000000a728600000,0x000000a728700000) (1024K)]
  0x000001cb33511b50 WorkerThread "GC Thread#0"                     [id=7624, stack(0x000000a728100000,0x000000a728200000) (1024K)]
  0x000001cb4fd4c0b0 WorkerThread "GC Thread#1"                     [id=9484, stack(0x000000a729400000,0x000000a729500000) (1024K)]
  0x000001cb4fa89b10 WorkerThread "GC Thread#2"                     [id=6268, stack(0x000000a729500000,0x000000a729600000) (1024K)]
  0x000001cb4fa89eb0 WorkerThread "GC Thread#3"                     [id=17804, stack(0x000000a729600000,0x000000a729700000) (1024K)]
  0x000001cb4fa8a250 WorkerThread "GC Thread#4"                     [id=13964, stack(0x000000a729700000,0x000000a729800000) (1024K)]
  0x000001cb4fbb6070 WorkerThread "GC Thread#5"                     [id=14520, stack(0x000000a729800000,0x000000a729900000) (1024K)]
  0x000001cb50c95990 WorkerThread "GC Thread#6"                     [id=14008, stack(0x000000a729900000,0x000000a729a00000) (1024K)]
  0x000001cb50cbf040 WorkerThread "GC Thread#7"                     [id=18692, stack(0x000000a729a00000,0x000000a729b00000) (1024K)]
  0x000001cb33523880 ConcurrentGCThread "G1 Main Marker"            [id=7100, stack(0x000000a728200000,0x000000a728300000) (1024K)]
  0x000001cb33524290 WorkerThread "G1 Conc#0"                       [id=14776, stack(0x000000a728300000,0x000000a728400000) (1024K)]
  0x000001cb50cbfb20 WorkerThread "G1 Conc#1"                       [id=1520, stack(0x000000a72a500000,0x000000a72a600000) (1024K)]
  0x000001cb3357eab0 ConcurrentGCThread "G1 Refine#0"               [id=13364, stack(0x000000a728400000,0x000000a728500000) (1024K)]
  0x000001cb4aa7a930 ConcurrentGCThread "G1 Service"                [id=5376, stack(0x000000a728500000,0x000000a728600000) (1024K)]
Total: 15

Threads with active compile tasks:
C2 CompilerThread0     5490 4654   !   4       java.net.URLClassLoader::findClass (47 bytes)
C2 CompilerThread1     5490 4650       4       java.lang.invoke.InvokerBytecodeGenerator::addMethod (725 bytes)
C2 CompilerThread2     5490 4623       4       java.net.URLClassLoader$1::run (5 bytes)
Total: 3

VM state: not at safepoint (normal execution)

VM Mutex/Monitor currently owned by a thread: None

Heap address: 0x0000000080000000, size: 2048 MB, Compressed Oops mode: 32-bit

CDS archive(s) not mapped
Compressed class space mapped at: 0x0000000100000000-0x0000000140000000, reserved size: 1073741824
Narrow klass base: 0x0000000000000000, Narrow klass shift: 3, Narrow klass range: 0x140000000

GC Precious Log:
 CardTable entry size: 512
 Card Set container configuration: InlinePtr #cards 5 size 8 Array Of Cards #cards 12 size 40 Howl #buckets 4 coarsen threshold 1843 Howl Bitmap #cards 512 size 80 coarsen threshold 460 Card regions per heap region 1 cards per card region 2048
 CPUs: 8 total, 8 available
 Memory: 16064M
 Large Page Support: Disabled
 NUMA Support: Disabled
 Compressed Oops: Enabled (32-bit)
 Heap Region Size: 1M
 Heap Min Capacity: 8M
 Heap Initial Capacity: 252M
 Heap Max Capacity: 2G
 Pre-touch: Disabled
 Parallel Workers: 8
 Concurrent Workers: 2
 Concurrent Refinement Workers: 8
 Periodic GC: Disabled

Heap:
 garbage-first heap   total 91136K, used 65844K [0x0000000080000000, 0x0000000100000000)
  region size 1024K, 34 young (34816K), 6 survivors (6144K)
 Metaspace       used 52890K, committed 54400K, reserved 1114112K
  class space    used 7119K, committed 7872K, reserved 1048576K

Heap Regions: E=young(eden), S=young(survivor), O=old, HS=humongous(starts), HC=humongous(continues), CS=collection set, F=free, TAMS=top-at-mark-start, PB=parsable bottom
|   0|0x0000000080000000, 0x0000000080100000, 0x0000000080100000|100%| O|  |TAMS 0x0000000080000000| PB 0x0000000080000000| Untracked 
|   1|0x0000000080100000, 0x0000000080200000, 0x0000000080200000|100%| O|  |TAMS 0x0000000080100000| PB 0x0000000080100000| Untracked 
|   2|0x0000000080200000, 0x0000000080300000, 0x0000000080300000|100%|HS|  |TAMS 0x0000000080200000| PB 0x0000000080200000| Complete 
|   3|0x0000000080300000, 0x0000000080400000, 0x0000000080400000|100%|HC|  |TAMS 0x0000000080300000| PB 0x0000000080300000| Complete 
|   4|0x0000000080400000, 0x0000000080500000, 0x0000000080500000|100%|HC|  |TAMS 0x0000000080400000| PB 0x0000000080400000| Complete 
|   5|0x0000000080500000, 0x0000000080600000, 0x0000000080600000|100%|HC|  |TAMS 0x0000000080500000| PB 0x0000000080500000| Complete 
|   6|0x0000000080600000, 0x0000000080700000, 0x0000000080700000|100%| O|  |TAMS 0x0000000080600000| PB 0x0000000080600000| Untracked 
|   7|0x0000000080700000, 0x0000000080800000, 0x0000000080800000|100%| O|  |TAMS 0x0000000080700000| PB 0x0000000080700000| Untracked 
|   8|0x0000000080800000, 0x0000000080900000, 0x0000000080900000|100%| O|  |TAMS 0x0000000080800000| PB 0x0000000080800000| Untracked 
|   9|0x0000000080900000, 0x0000000080a00000, 0x0000000080a00000|100%|HS|  |TAMS 0x0000000080900000| PB 0x0000000080900000| Complete 
|  10|0x0000000080a00000, 0x0000000080b00000, 0x0000000080b00000|100%| O|  |TAMS 0x0000000080a00000| PB 0x0000000080a00000| Untracked 
|  11|0x0000000080b00000, 0x0000000080c00000, 0x0000000080c00000|100%| O|  |TAMS 0x0000000080b00000| PB 0x0000000080b00000| Untracked 
|  12|0x0000000080c00000, 0x0000000080d00000, 0x0000000080d00000|100%| O|  |TAMS 0x0000000080c00000| PB 0x0000000080c00000| Untracked 
|  13|0x0000000080d00000, 0x0000000080e00000, 0x0000000080e00000|100%| O|  |TAMS 0x0000000080d00000| PB 0x0000000080d00000| Untracked 
|  14|0x0000000080e00000, 0x0000000080f00000, 0x0000000080f00000|100%| O|  |TAMS 0x0000000080e00000| PB 0x0000000080e00000| Untracked 
|  15|0x0000000080f00000, 0x0000000081000000, 0x0000000081000000|100%| O|  |TAMS 0x0000000080f00000| PB 0x0000000080f00000| Untracked 
|  16|0x0000000081000000, 0x0000000081100000, 0x0000000081100000|100%| O|  |TAMS 0x0000000081000000| PB 0x0000000081000000| Untracked 
|  17|0x0000000081100000, 0x0000000081200000, 0x0000000081200000|100%| O|  |TAMS 0x0000000081100000| PB 0x0000000081100000| Untracked 
|  18|0x0000000081200000, 0x0000000081300000, 0x0000000081300000|100%| O|  |TAMS 0x0000000081200000| PB 0x0000000081200000| Untracked 
|  19|0x0000000081300000, 0x0000000081400000, 0x0000000081400000|100%| O|  |TAMS 0x0000000081300000| PB 0x0000000081300000| Untracked 
|  20|0x0000000081400000, 0x0000000081500000, 0x0000000081500000|100%| O|  |TAMS 0x0000000081400000| PB 0x0000000081400000| Untracked 
|  21|0x0000000081500000, 0x0000000081600000, 0x0000000081600000|100%| O|  |TAMS 0x0000000081500000| PB 0x0000000081500000| Untracked 
|  22|0x0000000081600000, 0x0000000081700000, 0x0000000081700000|100%| O|  |TAMS 0x0000000081600000| PB 0x0000000081600000| Untracked 
|  23|0x0000000081700000, 0x0000000081800000, 0x0000000081800000|100%| O|  |TAMS 0x0000000081700000| PB 0x0000000081700000| Untracked 
|  24|0x0000000081800000, 0x0000000081900000, 0x0000000081900000|100%| O|  |TAMS 0x0000000081800000| PB 0x0000000081800000| Untracked 
|  25|0x0000000081900000, 0x0000000081a00000, 0x0000000081a00000|100%| O|  |TAMS 0x0000000081900000| PB 0x0000000081900000| Untracked 
|  26|0x0000000081a00000, 0x0000000081b00000, 0x0000000081b00000|100%| O|  |TAMS 0x0000000081a00000| PB 0x0000000081a00000| Untracked 
|  27|0x0000000081b00000, 0x0000000081c00000, 0x0000000081c00000|100%| O|  |TAMS 0x0000000081b00000| PB 0x0000000081b00000| Untracked 
|  28|0x0000000081c00000, 0x0000000081d00000, 0x0000000081d00000|100%| O|  |TAMS 0x0000000081c00000| PB 0x0000000081c00000| Untracked 
|  29|0x0000000081d00000, 0x0000000081d4d340, 0x0000000081e00000| 30%| O|  |TAMS 0x0000000081d00000| PB 0x0000000081d00000| Untracked 
|  30|0x0000000081e00000, 0x0000000081f00000, 0x0000000081f00000|100%|HS|  |TAMS 0x0000000081e00000| PB 0x0000000081e00000| Complete 
|  31|0x0000000081f00000, 0x0000000082000000, 0x0000000082000000|100%|HS|  |TAMS 0x0000000081f00000| PB 0x0000000081f00000| Complete 
|  32|0x0000000082000000, 0x0000000082000000, 0x0000000082100000|  0%| F|  |TAMS 0x0000000082000000| PB 0x0000000082000000| Untracked 
|  33|0x0000000082100000, 0x0000000082100000, 0x0000000082200000|  0%| F|  |TAMS 0x0000000082100000| PB 0x0000000082100000| Untracked 
|  34|0x0000000082200000, 0x0000000082200000, 0x0000000082300000|  0%| F|  |TAMS 0x0000000082200000| PB 0x0000000082200000| Untracked 
|  35|0x0000000082300000, 0x0000000082300000, 0x0000000082400000|  0%| F|  |TAMS 0x0000000082300000| PB 0x0000000082300000| Untracked 
|  36|0x0000000082400000, 0x0000000082400000, 0x0000000082500000|  0%| F|  |TAMS 0x0000000082400000| PB 0x0000000082400000| Untracked 
|  37|0x0000000082500000, 0x0000000082500000, 0x0000000082600000|  0%| F|  |TAMS 0x0000000082500000| PB 0x0000000082500000| Untracked 
|  38|0x0000000082600000, 0x0000000082600000, 0x0000000082700000|  0%| F|  |TAMS 0x0000000082600000| PB 0x0000000082600000| Untracked 
|  39|0x0000000082700000, 0x0000000082800000, 0x0000000082800000|100%| S|CS|TAMS 0x0000000082700000| PB 0x0000000082700000| Complete 
|  40|0x0000000082800000, 0x0000000082900000, 0x0000000082900000|100%| S|CS|TAMS 0x0000000082800000| PB 0x0000000082800000| Complete 
|  41|0x0000000082900000, 0x0000000082a00000, 0x0000000082a00000|100%| S|CS|TAMS 0x0000000082900000| PB 0x0000000082900000| Complete 
|  42|0x0000000082a00000, 0x0000000082b00000, 0x0000000082b00000|100%| S|CS|TAMS 0x0000000082a00000| PB 0x0000000082a00000| Complete 
|  43|0x0000000082b00000, 0x0000000082c00000, 0x0000000082c00000|100%| S|CS|TAMS 0x0000000082b00000| PB 0x0000000082b00000| Complete 
|  44|0x0000000082c00000, 0x0000000082d00000, 0x0000000082d00000|100%| S|CS|TAMS 0x0000000082c00000| PB 0x0000000082c00000| Complete 
|  45|0x0000000082d00000, 0x0000000082d00000, 0x0000000082e00000|  0%| F|  |TAMS 0x0000000082d00000| PB 0x0000000082d00000| Untracked 
|  46|0x0000000082e00000, 0x0000000082e00000, 0x0000000082f00000|  0%| F|  |TAMS 0x0000000082e00000| PB 0x0000000082e00000| Untracked 
|  47|0x0000000082f00000, 0x0000000082f00000, 0x0000000083000000|  0%| F|  |TAMS 0x0000000082f00000| PB 0x0000000082f00000| Untracked 
|  48|0x0000000083000000, 0x0000000083000000, 0x0000000083100000|  0%| F|  |TAMS 0x0000000083000000| PB 0x0000000083000000| Untracked 
|  49|0x0000000083100000, 0x0000000083100000, 0x0000000083200000|  0%| F|  |TAMS 0x0000000083100000| PB 0x0000000083100000| Untracked 
|  50|0x0000000083200000, 0x0000000083200000, 0x0000000083300000|  0%| F|  |TAMS 0x0000000083200000| PB 0x0000000083200000| Untracked 
|  51|0x0000000083300000, 0x0000000083300000, 0x0000000083400000|  0%| F|  |TAMS 0x0000000083300000| PB 0x0000000083300000| Untracked 
|  52|0x0000000083400000, 0x0000000083400000, 0x0000000083500000|  0%| F|  |TAMS 0x0000000083400000| PB 0x0000000083400000| Untracked 
|  53|0x0000000083500000, 0x0000000083500000, 0x0000000083600000|  0%| F|  |TAMS 0x0000000083500000| PB 0x0000000083500000| Untracked 
|  54|0x0000000083600000, 0x0000000083600000, 0x0000000083700000|  0%| F|  |TAMS 0x0000000083600000| PB 0x0000000083600000| Untracked 
|  55|0x0000000083700000, 0x0000000083700000, 0x0000000083800000|  0%| F|  |TAMS 0x0000000083700000| PB 0x0000000083700000| Untracked 
|  56|0x0000000083800000, 0x0000000083800000, 0x0000000083900000|  0%| F|  |TAMS 0x0000000083800000| PB 0x0000000083800000| Untracked 
|  57|0x0000000083900000, 0x0000000083900000, 0x0000000083a00000|  0%| F|  |TAMS 0x0000000083900000| PB 0x0000000083900000| Untracked 
|  58|0x0000000083a00000, 0x0000000083a00000, 0x0000000083b00000|  0%| F|  |TAMS 0x0000000083a00000| PB 0x0000000083a00000| Untracked 
|  59|0x0000000083b00000, 0x0000000083b00000, 0x0000000083c00000|  0%| F|  |TAMS 0x0000000083b00000| PB 0x0000000083b00000| Untracked 
|  60|0x0000000083c00000, 0x0000000083c00000, 0x0000000083d00000|  0%| F|  |TAMS 0x0000000083c00000| PB 0x0000000083c00000| Untracked 
|  61|0x0000000083d00000, 0x0000000083d93790, 0x0000000083e00000| 57%| E|  |TAMS 0x0000000083d00000| PB 0x0000000083d00000| Complete 
|  62|0x0000000083e00000, 0x0000000083f00000, 0x0000000083f00000|100%| E|CS|TAMS 0x0000000083e00000| PB 0x0000000083e00000| Complete 
|  63|0x0000000083f00000, 0x0000000084000000, 0x0000000084000000|100%| E|CS|TAMS 0x0000000083f00000| PB 0x0000000083f00000| Complete 
|  64|0x0000000084000000, 0x0000000084100000, 0x0000000084100000|100%| E|CS|TAMS 0x0000000084000000| PB 0x0000000084000000| Complete 
|  65|0x0000000084100000, 0x0000000084200000, 0x0000000084200000|100%| E|CS|TAMS 0x0000000084100000| PB 0x0000000084100000| Complete 
|  66|0x0000000084200000, 0x0000000084300000, 0x0000000084300000|100%| E|CS|TAMS 0x0000000084200000| PB 0x0000000084200000| Complete 
|  67|0x0000000084300000, 0x0000000084400000, 0x0000000084400000|100%| E|CS|TAMS 0x0000000084300000| PB 0x0000000084300000| Complete 
|  68|0x0000000084400000, 0x0000000084500000, 0x0000000084500000|100%| E|CS|TAMS 0x0000000084400000| PB 0x0000000084400000| Complete 
|  69|0x0000000084500000, 0x0000000084600000, 0x0000000084600000|100%| E|CS|TAMS 0x0000000084500000| PB 0x0000000084500000| Complete 
|  70|0x0000000084600000, 0x0000000084700000, 0x0000000084700000|100%| E|CS|TAMS 0x0000000084600000| PB 0x0000000084600000| Complete 
|  71|0x0000000084700000, 0x0000000084800000, 0x0000000084800000|100%| E|CS|TAMS 0x0000000084700000| PB 0x0000000084700000| Complete 
|  72|0x0000000084800000, 0x0000000084900000, 0x0000000084900000|100%| E|CS|TAMS 0x0000000084800000| PB 0x0000000084800000| Complete 
|  73|0x0000000084900000, 0x0000000084a00000, 0x0000000084a00000|100%| E|CS|TAMS 0x0000000084900000| PB 0x0000000084900000| Complete 
|  74|0x0000000084a00000, 0x0000000084b00000, 0x0000000084b00000|100%| E|CS|TAMS 0x0000000084a00000| PB 0x0000000084a00000| Complete 
|  75|0x0000000084b00000, 0x0000000084c00000, 0x0000000084c00000|100%| E|CS|TAMS 0x0000000084b00000| PB 0x0000000084b00000| Complete 
|  76|0x0000000084c00000, 0x0000000084d00000, 0x0000000084d00000|100%| E|CS|TAMS 0x0000000084c00000| PB 0x0000000084c00000| Complete 
|  77|0x0000000084d00000, 0x0000000084e00000, 0x0000000084e00000|100%| E|CS|TAMS 0x0000000084d00000| PB 0x0000000084d00000| Complete 
|  78|0x0000000084e00000, 0x0000000084f00000, 0x0000000084f00000|100%| E|CS|TAMS 0x0000000084e00000| PB 0x0000000084e00000| Complete 
| 221|0x000000008dd00000, 0x000000008de00000, 0x000000008de00000|100%| E|CS|TAMS 0x000000008dd00000| PB 0x000000008dd00000| Complete 
| 222|0x000000008de00000, 0x000000008df00000, 0x000000008df00000|100%| E|CS|TAMS 0x000000008de00000| PB 0x000000008de00000| Complete 
| 223|0x000000008df00000, 0x000000008e000000, 0x000000008e000000|100%| E|CS|TAMS 0x000000008df00000| PB 0x000000008df00000| Complete 
| 224|0x000000008e000000, 0x000000008e100000, 0x000000008e100000|100%| E|CS|TAMS 0x000000008e000000| PB 0x000000008e000000| Complete 
| 225|0x000000008e100000, 0x000000008e200000, 0x000000008e200000|100%| E|CS|TAMS 0x000000008e100000| PB 0x000000008e100000| Complete 
| 226|0x000000008e200000, 0x000000008e300000, 0x000000008e300000|100%| E|CS|TAMS 0x000000008e200000| PB 0x000000008e200000| Complete 
| 227|0x000000008e300000, 0x000000008e400000, 0x000000008e400000|100%| E|CS|TAMS 0x000000008e300000| PB 0x000000008e300000| Complete 
| 228|0x000000008e400000, 0x000000008e500000, 0x000000008e500000|100%| E|CS|TAMS 0x000000008e400000| PB 0x000000008e400000| Complete 
| 229|0x000000008e500000, 0x000000008e600000, 0x000000008e600000|100%| E|CS|TAMS 0x000000008e500000| PB 0x000000008e500000| Complete 
| 251|0x000000008fb00000, 0x000000008fc00000, 0x000000008fc00000|100%| E|CS|TAMS 0x000000008fb00000| PB 0x000000008fb00000| Complete 

Card table byte_map: [0x000001cb45d30000,0x000001cb46130000] _byte_map_base: 0x000001cb45930000

Marking Bits: (CMBitMap*) 0x000001cb33512160
 Bits: [0x000001cb46130000, 0x000001cb48130000)

Polling page: 0x000001cb32b90000

Metaspace:

Usage:
  Non-class:     44.71 MB used.
      Class:      6.96 MB used.
       Both:     51.67 MB used.

Virtual space:
  Non-class space:       64.00 MB reserved,      45.44 MB ( 71%) committed,  1 nodes.
      Class space:        1.00 GB reserved,       7.69 MB ( <1%) committed,  1 nodes.
             Both:        1.06 GB reserved,      53.12 MB (  5%) committed. 

Chunk freelists:
   Non-Class:  2.16 MB
       Class:  8.12 MB
        Both:  10.28 MB

MaxMetaspaceSize: unlimited
CompressedClassSpaceSize: 1.00 GB
Initial GC threshold: 21.00 MB
Current GC threshold: 58.88 MB
CDS: off
 - commit_granule_bytes: 65536.
 - commit_granule_words: 8192.
 - virtual_space_node_default_size: 8388608.
 - enlarge_chunks_in_place: 1.
 - use_allocation_guard: 0.


Internal statistics:

num_allocs_failed_limit: 6.
num_arena_births: 2732.
num_arena_deaths: 0.
num_vsnodes_births: 2.
num_vsnodes_deaths: 0.
num_space_committed: 850.
num_space_uncommitted: 0.
num_chunks_returned_to_freelist: 6.
num_chunks_taken_from_freelist: 4742.
num_chunk_merges: 6.
num_chunk_splits: 3092.
num_chunks_enlarged: 1923.
num_inconsistent_stats: 0.

CodeHeap 'non-profiled nmethods': size=120000Kb used=2641Kb max_used=2641Kb free=117358Kb
 bounds [0x000001cb3e0d0000, 0x000001cb3e370000, 0x000001cb45600000]
CodeHeap 'profiled nmethods': size=120000Kb used=8370Kb max_used=8370Kb free=111629Kb
 bounds [0x000001cb36600000, 0x000001cb36e30000, 0x000001cb3db30000]
CodeHeap 'non-nmethods': size=5760Kb used=2113Kb max_used=2139Kb free=3646Kb
 bounds [0x000001cb3db30000, 0x000001cb3dda0000, 0x000001cb3e0d0000]
 total_blobs=5004 nmethods=4298 adapters=610
 compilation: enabled
              stopped_count=0, restarted_count=0
 full_count=0

Compilation events (20 events):
Event: 5.018 Thread 0x000001cb4f127c70 nmethod 4688 0x000001cb36e22b10 code [0x000001cb36e22d80, 0x000001cb36e23730]
Event: 5.018 Thread 0x000001cb4f127c70 4687       3       java.lang.invoke.MethodHandles::constant (88 bytes)
Event: 5.018 Thread 0x000001cb4f127c70 nmethod 4687 0x000001cb36e23b90 code [0x000001cb36e23ea0, 0x000001cb36e24da8]
Event: 5.018 Thread 0x000001cb4f127c70 4689       3       java.lang.invoke.SimpleMethodHandle::copyWithExtendL (7 bytes)
Event: 5.018 Thread 0x000001cb4f127c70 nmethod 4689 0x000001cb36e25310 code [0x000001cb36e254c0, 0x000001cb36e25658]
Event: 5.028 Thread 0x000001cb4f127c70 4692       1       org.gradle.internal.logging.sink.OutputEventListenerManager::access$000 (5 bytes)
Event: 5.028 Thread 0x000001cb4f127c70 nmethod 4692 0x000001cb3e363890 code [0x000001cb3e363a20, 0x000001cb3e363ad0]
Event: 5.028 Thread 0x000001cb4f127c70 4693       3       org.gradle.internal.logging.sink.OutputEventRenderer$LazyListener::onOutput (95 bytes)
Event: 5.028 Thread 0x000001cb4f127c70 nmethod 4693 0x000001cb36e25710 code [0x000001cb36e25940, 0x000001cb36e263b8]
Event: 5.028 Thread 0x000001cb4f127c70 4694       1       org.gradle.internal.logging.sink.OutputEventListenerManager::access$100 (5 bytes)
Event: 5.028 Thread 0x000001cb4f127c70 nmethod 4694 0x000001cb3e363b90 code [0x000001cb3e363d20, 0x000001cb3e363dd0]
Event: 5.038 Thread 0x000001cb4f127c70 4695       1       org.gradle.api.attributes.Attribute::hashCode (5 bytes)
Event: 5.038 Thread 0x000001cb4f127c70 nmethod 4695 0x000001cb3e363e90 code [0x000001cb3e364020, 0x000001cb3e3640e8]
Event: 5.038 Thread 0x000001cb4f127c70 4696       3       com.google.common.collect.RegularImmutableMap::fromEntryArrayCheckingBucketOverflow (282 bytes)
Event: 5.040 Thread 0x000001cb4f127c70 nmethod 4696 0x000001cb36e26590 code [0x000001cb36e26980, 0x000001cb36e285e8]
Event: 5.043 Thread 0x000001cb4f127c70 4697       3       org.gradle.internal.service.DefaultServiceRegistry$FactoryMethodService::getParameterTypes (10 bytes)
Event: 5.043 Thread 0x000001cb4f127c70 nmethod 4697 0x000001cb36e29190 code [0x000001cb36e29340, 0x000001cb36e29540]
Event: 5.072 Thread 0x000001cb4f127c70 4698       3       kotlin.jvm.internal.Lambda::<init> (10 bytes)
Event: 5.072 Thread 0x000001cb4f127c70 nmethod 4698 0x000001cb36e29690 code [0x000001cb36e29820, 0x000001cb36e29988]
Event: 5.089 Thread 0x000001cb4f127c70 4699   !   3       java.util.concurrent.locks.AbstractQueuedSynchronizer::acquire (424 bytes)

GC Heap History (20 events):
Event: 0.417 GC heap before
{Heap before GC invocations=0 (full 0):
 garbage-first heap   total 258048K, used 22528K [0x0000000080000000, 0x0000000100000000)
  region size 1024K, 23 young (23552K), 0 survivors (0K)
 Metaspace       used 7988K, committed 8128K, reserved 1114112K
  class space    used 709K, committed 768K, reserved 1048576K
}
Event: 0.421 GC heap after
{Heap after GC invocations=1 (full 0):
 garbage-first heap   total 258048K, used 4778K [0x0000000080000000, 0x0000000100000000)
  region size 1024K, 3 young (3072K), 3 survivors (3072K)
 Metaspace       used 7988K, committed 8128K, reserved 1114112K
  class space    used 709K, committed 768K, reserved 1048576K
}
Event: 0.942 GC heap before
{Heap before GC invocations=1 (full 0):
 garbage-first heap   total 258048K, used 41642K [0x0000000080000000, 0x0000000100000000)
  region size 1024K, 35 young (35840K), 3 survivors (3072K)
 Metaspace       used 12109K, committed 12352K, reserved 1114112K
  class space    used 1273K, committed 1408K, reserved 1048576K
}
Event: 0.946 GC heap after
{Heap after GC invocations=2 (full 0):
 garbage-first heap   total 258048K, used 11946K [0x0000000080000000, 0x0000000100000000)
  region size 1024K, 3 young (3072K), 3 survivors (3072K)
 Metaspace       used 12109K, committed 12352K, reserved 1114112K
  class space    used 1273K, committed 1408K, reserved 1048576K
}
Event: 1.411 GC heap before
{Heap before GC invocations=2 (full 0):
 garbage-first heap   total 258048K, used 60074K [0x0000000080000000, 0x0000000100000000)
  region size 1024K, 48 young (49152K), 3 survivors (3072K)
 Metaspace       used 14712K, committed 14912K, reserved 1114112K
  class space    used 1599K, committed 1664K, reserved 1048576K
}
Event: 1.415 GC heap after
{Heap after GC invocations=3 (full 0):
 garbage-first heap   total 258048K, used 18693K [0x0000000080000000, 0x0000000100000000)
  region size 1024K, 6 young (6144K), 6 survivors (6144K)
 Metaspace       used 14712K, committed 14912K, reserved 1114112K
  class space    used 1599K, committed 1664K, reserved 1048576K
}
Event: 1.894 GC heap before
{Heap before GC invocations=3 (full 0):
 garbage-first heap   total 258048K, used 40197K [0x0000000080000000, 0x0000000100000000)
  region size 1024K, 28 young (28672K), 6 survivors (6144K)
 Metaspace       used 21151K, committed 21504K, reserved 1114112K
  class space    used 2440K, committed 2624K, reserved 1048576K
}
Event: 1.897 GC heap after
{Heap after GC invocations=4 (full 0):
 garbage-first heap   total 258048K, used 21344K [0x0000000080000000, 0x0000000100000000)
  region size 1024K, 9 young (9216K), 9 survivors (9216K)
 Metaspace       used 21151K, committed 21504K, reserved 1114112K
  class space    used 2440K, committed 2624K, reserved 1048576K
}
Event: 2.468 GC heap before
{Heap before GC invocations=5 (full 0):
 garbage-first heap   total 75776K, used 56160K [0x0000000080000000, 0x0000000100000000)
  region size 1024K, 44 young (45056K), 9 survivors (9216K)
 Metaspace       used 27469K, committed 28032K, reserved 1114112K
  class space    used 3413K, committed 3648K, reserved 1048576K
}
Event: 2.474 GC heap after
{Heap after GC invocations=6 (full 0):
 garbage-first heap   total 75776K, used 22884K [0x0000000080000000, 0x0000000100000000)
  region size 1024K, 5 young (5120K), 5 survivors (5120K)
 Metaspace       used 27469K, committed 28032K, reserved 1114112K
  class space    used 3413K, committed 3648K, reserved 1048576K
}
Event: 3.122 GC heap before
{Heap before GC invocations=6 (full 0):
 garbage-first heap   total 75776K, used 59748K [0x0000000080000000, 0x0000000100000000)
  region size 1024K, 42 young (43008K), 5 survivors (5120K)
 Metaspace       used 32480K, committed 33216K, reserved 1114112K
  class space    used 4255K, committed 4608K, reserved 1048576K
}
Event: 3.126 GC heap after
{Heap after GC invocations=7 (full 0):
 garbage-first heap   total 75776K, used 25649K [0x0000000080000000, 0x0000000100000000)
  region size 1024K, 5 young (5120K), 5 survivors (5120K)
 Metaspace       used 32480K, committed 33216K, reserved 1114112K
  class space    used 4255K, committed 4608K, reserved 1048576K
}
Event: 3.365 GC heap before
{Heap before GC invocations=7 (full 0):
 garbage-first heap   total 75776K, used 44081K [0x0000000080000000, 0x0000000100000000)
  region size 1024K, 24 young (24576K), 5 survivors (5120K)
 Metaspace       used 35274K, committed 36096K, reserved 1114112K
  class space    used 4726K, committed 5120K, reserved 1048576K
}
Event: 3.369 GC heap after
{Heap after GC invocations=8 (full 0):
 garbage-first heap   total 75776K, used 26411K [0x0000000080000000, 0x0000000100000000)
  region size 1024K, 4 young (4096K), 4 survivors (4096K)
 Metaspace       used 35274K, committed 36096K, reserved 1114112K
  class space    used 4726K, committed 5120K, reserved 1048576K
}
Event: 3.798 GC heap before
{Heap before GC invocations=9 (full 0):
 garbage-first heap   total 75776K, used 64299K [0x0000000080000000, 0x0000000100000000)
  region size 1024K, 41 young (41984K), 4 survivors (4096K)
 Metaspace       used 40417K, committed 41536K, reserved 1114112K
  class space    used 5541K, committed 6080K, reserved 1048576K
}
Event: 3.802 GC heap after
{Heap after GC invocations=10 (full 0):
 garbage-first heap   total 75776K, used 28671K [0x0000000080000000, 0x0000000100000000)
  region size 1024K, 4 young (4096K), 4 survivors (4096K)
 Metaspace       used 40417K, committed 41536K, reserved 1114112K
  class space    used 5541K, committed 6080K, reserved 1048576K
}
Event: 4.160 GC heap before
{Heap before GC invocations=10 (full 0):
 garbage-first heap   total 75776K, used 64511K [0x0000000080000000, 0x0000000100000000)
  region size 1024K, 40 young (40960K), 4 survivors (4096K)
 Metaspace       used 45535K, committed 46784K, reserved 1114112K
  class space    used 6048K, committed 6656K, reserved 1048576K
}
Event: 4.166 GC heap after
{Heap after GC invocations=11 (full 0):
 garbage-first heap   total 91136K, used 33126K [0x0000000080000000, 0x0000000100000000)
  region size 1024K, 5 young (5120K), 5 survivors (5120K)
 Metaspace       used 45535K, committed 46784K, reserved 1114112K
  class space    used 6048K, committed 6656K, reserved 1048576K
}
Event: 4.699 GC heap before
{Heap before GC invocations=11 (full 0):
 garbage-first heap   total 91136K, used 77158K [0x0000000080000000, 0x0000000100000000)
  region size 1024K, 49 young (50176K), 5 survivors (5120K)
 Metaspace       used 48598K, committed 49984K, reserved 1114112K
  class space    used 6554K, committed 7232K, reserved 1048576K
}
Event: 4.703 GC heap after
{Heap after GC invocations=12 (full 0):
 garbage-first heap   total 91136K, used 36148K [0x0000000080000000, 0x0000000100000000)
  region size 1024K, 6 young (6144K), 6 survivors (6144K)
 Metaspace       used 48598K, committed 49984K, reserved 1114112K
  class space    used 6554K, committed 7232K, reserved 1048576K
}

Dll operation events (3 events):
Event: 0.007 Loaded shared library C:\Program Files\Android\Android Studio\jbr\bin\java.dll
Event: 0.012 Loaded shared library C:\Program Files\Android\Android Studio\jbr\bin\zip.dll
Event: 0.475 Loaded shared library C:\Program Files\Android\Android Studio\jbr\bin\verify.dll

Deoptimization events (20 events):
Event: 4.872 Thread 0x000001cb5115ef80 DEOPT PACKING pc=0x000001cb3e30af60 sp=0x000000a72a1f9170
Event: 4.872 Thread 0x000001cb5115ef80 DEOPT UNPACKING pc=0x000001cb3db87da2 sp=0x000000a72a1f90e8 mode 2
Event: 4.874 Thread 0x000001cb5115ef80 Uncommon trap: trap_request=0xffffffde fr.pc=0x000001cb3e326cdc relative=0x0000000000003f7c
Event: 4.874 Thread 0x000001cb5115ef80 Uncommon trap: reason=class_check action=maybe_recompile pc=0x000001cb3e326cdc method=jdk.internal.loader.URLClassPath.getResource(Ljava/lang/String;Z)Ljdk/internal/loader/Resource; @ 53 c2
Event: 4.874 Thread 0x000001cb5115ef80 DEOPT PACKING pc=0x000001cb3e326cdc sp=0x000000a72a1f8fc0
Event: 4.874 Thread 0x000001cb5115ef80 DEOPT UNPACKING pc=0x000001cb3db87da2 sp=0x000000a72a1f8fa0 mode 2
Event: 4.875 Thread 0x000001cb5115ef80 DEOPT PACKING pc=0x000001cb36d385b7 sp=0x000000a72a1f9160
Event: 4.875 Thread 0x000001cb5115ef80 DEOPT UNPACKING pc=0x000001cb3db888e2 sp=0x000000a72a1f8600 mode 0
Event: 4.898 Thread 0x000001cb5115ef80 DEOPT PACKING pc=0x000001cb36e08080 sp=0x000000a72a1f8440
Event: 4.898 Thread 0x000001cb5115ef80 DEOPT UNPACKING pc=0x000001cb3db888e2 sp=0x000000a72a1f78c8 mode 0
Event: 4.948 Thread 0x000001cb5115ef80 DEOPT PACKING pc=0x000001cb36e08080 sp=0x000000a72a1f8630
Event: 4.948 Thread 0x000001cb5115ef80 DEOPT UNPACKING pc=0x000001cb3db888e2 sp=0x000000a72a1f7ab8 mode 0
Event: 4.989 Thread 0x000001cb5115ef80 DEOPT PACKING pc=0x000001cb36e08080 sp=0x000000a72a1f8740
Event: 4.990 Thread 0x000001cb5115ef80 DEOPT UNPACKING pc=0x000001cb3db888e2 sp=0x000000a72a1f7bc8 mode 0
Event: 5.033 Thread 0x000001cb5115ef80 Uncommon trap: trap_request=0xffffffde fr.pc=0x000001cb3e241188 relative=0x00000000000002c8
Event: 5.033 Thread 0x000001cb5115ef80 Uncommon trap: reason=class_check action=maybe_recompile pc=0x000001cb3e241188 method=java.util.Collections$SetFromMap.remove(Ljava/lang/Object;)Z @ 5 c2
Event: 5.033 Thread 0x000001cb5115ef80 DEOPT PACKING pc=0x000001cb3e241188 sp=0x000000a72a1f8c50
Event: 5.033 Thread 0x000001cb5115ef80 DEOPT UNPACKING pc=0x000001cb3db87da2 sp=0x000000a72a1f8c38 mode 2
Event: 5.055 Thread 0x000001cb5115ef80 DEOPT PACKING pc=0x000001cb36e08080 sp=0x000000a72a1f8360
Event: 5.055 Thread 0x000001cb5115ef80 DEOPT UNPACKING pc=0x000001cb3db888e2 sp=0x000000a72a1f77e8 mode 0

Classes loaded (20 events):
Event: 4.859 Loading class java/util/concurrent/atomic/AtomicReferenceFieldUpdater$AtomicReferenceFieldUpdaterImpl$1
Event: 4.859 Loading class java/util/concurrent/atomic/AtomicReferenceFieldUpdater$AtomicReferenceFieldUpdaterImpl$1 done
Event: 4.994 Loading class java/lang/StringIndexOutOfBoundsException
Event: 4.994 Loading class java/lang/StringIndexOutOfBoundsException done
Event: 5.035 Loading class java/util/stream/DistinctOps
Event: 5.035 Loading class java/util/stream/DistinctOps done
Event: 5.035 Loading class java/util/stream/DistinctOps$1
Event: 5.035 Loading class java/util/stream/ReferencePipeline$StatefulOp
Event: 5.035 Loading class java/util/stream/ReferencePipeline$StatefulOp done
Event: 5.035 Loading class java/util/stream/DistinctOps$1 done
Event: 5.036 Loading class java/util/stream/DistinctOps$1$2
Event: 5.036 Loading class java/util/stream/DistinctOps$1$2 done
Event: 5.040 Loading class java/util/stream/SortedOps
Event: 5.040 Loading class java/util/stream/SortedOps done
Event: 5.040 Loading class java/util/stream/SortedOps$OfRef
Event: 5.041 Loading class java/util/stream/SortedOps$OfRef done
Event: 5.042 Loading class java/util/stream/SortedOps$SizedRefSortingSink
Event: 5.042 Loading class java/util/stream/SortedOps$AbstractRefSortingSink
Event: 5.042 Loading class java/util/stream/SortedOps$AbstractRefSortingSink done
Event: 5.042 Loading class java/util/stream/SortedOps$SizedRefSortingSink done

Classes unloaded (0 events):
No events

Classes redefined (0 events):
No events

Internal exceptions (20 events):
Event: 4.712 Thread 0x000001cb5115ef80 Exception <a 'java/lang/NoSuchMethodError'{0x000000008fb890f0}: 'int java.lang.invoke.DirectMethodHandle$Holder.invokeInterface(java.lang.Object, java.lang.Object, java.lang.Object, java.lang.Object)'> (0x000000008fb890f0) 
thrown [s\src\hotspot\share\interpreter\linkResolver.cpp, line 784]
Event: 4.744 Thread 0x000001cb5115ef80 Exception <a 'java/lang/NoSuchMethodError'{0x000000008e4df9d8}: 'java.lang.Object java.lang.invoke.DirectMethodHandle$Holder.invokeStatic(java.lang.Object, long, java.lang.Object)'> (0x000000008e4df9d8) 
thrown [s\src\hotspot\share\interpreter\linkResolver.cpp, line 784]
Event: 4.745 Thread 0x000001cb5115ef80 Exception <a 'java/lang/NoSuchMethodError'{0x000000008e4e6bd0}: 'java.lang.Object java.lang.invoke.DirectMethodHandle$Holder.newInvokeSpecial(java.lang.Object, long)'> (0x000000008e4e6bd0) 
thrown [s\src\hotspot\share\interpreter\linkResolver.cpp, line 784]
Event: 4.749 Thread 0x000001cb5115ef80 Exception <a 'java/lang/NoSuchMethodError'{0x000000008e341528}: 'java.lang.Object java.lang.invoke.DirectMethodHandle$Holder.newInvokeSpecial(java.lang.Object, java.lang.Object, java.lang.Object, java.lang.Object, java.lang.Object, long)'> (0x000000008e341528) 
thrown [s\src\hotspot\share\interpreter\linkResolver.cpp, line 784]
Event: 4.749 Thread 0x000001cb5115ef80 Exception <a 'java/lang/NoSuchMethodError'{0x000000008e3463b8}: 'java.lang.Object java.lang.invoke.DirectMethodHandle$Holder.invokeSpecial(java.lang.Object, java.lang.Object, java.lang.Object, java.lang.Object, java.lang.Object, java.lang.Object, long)'> (0x000000008e3463b8) 
thrown [s\src\hotspot\share\interpreter\linkResolver.cpp, line 784]
Event: 4.749 Thread 0x000001cb5115ef80 Exception <a 'java/lang/NoSuchMethodError'{0x000000008e34a998}: 'java.lang.Object java.lang.invoke.Invokers$Holder.linkToTargetMethod(java.lang.Object, java.lang.Object, java.lang.Object, java.lang.Object, long, java.lang.Object)'> (0x000000008e34a998) 
thrown [s\src\hotspot\share\interpreter\linkResolver.cpp, line 784]
Event: 4.753 Thread 0x000001cb5115ef80 Exception <a 'java/lang/NoSuchMethodError'{0x000000008e393188}: 'java.lang.Object java.lang.invoke.DirectMethodHandle$Holder.newInvokeSpecial(java.lang.Object, java.lang.Object, java.lang.Object, long)'> (0x000000008e393188) 
thrown [s\src\hotspot\share\interpreter\linkResolver.cpp, line 784]
Event: 4.753 Thread 0x000001cb5115ef80 Exception <a 'java/lang/NoSuchMethodError'{0x000000008e397c98}: 'java.lang.Object java.lang.invoke.DirectMethodHandle$Holder.invokeSpecial(java.lang.Object, java.lang.Object, java.lang.Object, java.lang.Object, long)'> (0x000000008e397c98) 
thrown [s\src\hotspot\share\interpreter\linkResolver.cpp, line 784]
Event: 4.753 Thread 0x000001cb5115ef80 Exception <a 'java/lang/NoSuchMethodError'{0x000000008e39be58}: 'java.lang.Object java.lang.invoke.Invokers$Holder.linkToTargetMethod(java.lang.Object, java.lang.Object, long, java.lang.Object)'> (0x000000008e39be58) 
thrown [s\src\hotspot\share\interpreter\linkResolver.cpp, line 784]
Event: 4.780 Thread 0x000001cb5115ef80 Exception <a 'java/lang/NoSuchMethodError'{0x000000008e1c74a0}: 'java.lang.Object java.lang.invoke.DirectMethodHandle$Holder.newInvokeSpecial(java.lang.Object, java.lang.Object, java.lang.Object, java.lang.Object, java.lang.Object, java.lang.Object, java.lang.Object, java.lang.Object, java.lang.Object, java.lang.Object, java.lang.Object, java.lang.Object, java.lang.Object, java.lang.Object, java.lang.Object, java.lang.Object, java.lang.Object, java.lang.Object, java.lang.Object, java.lang.Object, java.lang
Event: 4.821 Thread 0x000001cb5115ef80 Implicit null exception at 0x000001cb3e14b8ef to 0x000001cb3e14b9a0
Event: 4.904 Thread 0x000001cb5115ef80 Exception <a 'java/lang/NoSuchMethodError'{0x0000000084930c90}: 'java.lang.Object java.lang.invoke.DirectMethodHandle$Holder.newInvokeSpecial(java.lang.Object, java.lang.Object, java.lang.Object, java.lang.Object, java.lang.Object, java.lang.Object, java.lang.Object, java.lang.Object, java.lang.Object, java.lang.Object, java.lang.Object, java.lang.Object, java.lang.Object, java.lang.Object, java.lang.Object, java.lang.Object, java.lang.Object, java.lang.Object, java.lang.Object)'> (0x0000000084930c90) 
thr
Event: 4.904 Thread 0x000001cb5115ef80 Exception <a 'java/lang/NoSuchMethodError'{0x0000000084937660}: 'java.lang.Object java.lang.invoke.DirectMethodHandle$Holder.invokeSpecial(java.lang.Object, java.lang.Object, java.lang.Object, java.lang.Object, java.lang.Object, java.lang.Object, java.lang.Object, java.lang.Object, java.lang.Object, java.lang.Object, java.lang.Object, java.lang.Object, java.lang.Object, java.lang.Object, java.lang.Object, java.lang.Object, java.lang.Object, java.lang.Object, java.lang.Object, java.lang.Object)'> (0x0000000
Event: 4.904 Thread 0x000001cb5115ef80 Exception <a 'java/lang/NoSuchMethodError'{0x000000008493ceb0}: 'java.lang.Object java.lang.invoke.DelegatingMethodHandle$Holder.reinvoke_L(java.lang.Object, java.lang.Object, java.lang.Object, java.lang.Object, java.lang.Object, java.lang.Object, java.lang.Object, java.lang.Object, java.lang.Object, java.lang.Object, java.lang.Object, java.lang.Object, java.lang.Object, java.lang.Object, java.lang.Object, java.lang.Object, java.lang.Object, java.lang.Object, java.lang.Object)'> (0x000000008493ceb0) 
throw
Event: 4.915 Thread 0x000001cb5115ef80 Exception <a 'java/lang/IncompatibleClassChangeError'{0x00000000848075b8}: Found class java.lang.Object, but interface was expected> (0x00000000848075b8) 
thrown [s\src\hotspot\share\interpreter\linkResolver.cpp, line 851]
Event: 4.917 Thread 0x000001cb5115ef80 Exception <a 'java/lang/NoSuchMethodError'{0x000000008481d630}: 'java.lang.Object java.lang.invoke.DirectMethodHandle$Holder.invokeVirtual(java.lang.Object, java.lang.Object, java.lang.Object, java.lang.Object, java.lang.Object, java.lang.Object, java.lang.Object, java.lang.Object, java.lang.Object, java.lang.Object, java.lang.Object, java.lang.Object, java.lang.Object)'> (0x000000008481d630) 
thrown [s\src\hotspot\share\interpreter\linkResolver.cpp, line 784]
Event: 4.958 Thread 0x000001cb5115ef80 Exception <a 'java/lang/NoSuchMethodError'{0x0000000084549cb0}: 'java.lang.Object java.lang.invoke.DirectMethodHandle$Holder.newInvokeSpecial(java.lang.Object, int, java.lang.Object)'> (0x0000000084549cb0) 
thrown [s\src\hotspot\share\interpreter\linkResolver.cpp, line 784]
Event: 5.005 Thread 0x000001cb5115ef80 Exception <a 'java/lang/NoSuchMethodError'{0x0000000084365858}: 'java.lang.Object java.lang.invoke.DirectMethodHandle$Holder.invokeSpecial(java.lang.Object, java.lang.Object, long, java.lang.Object, java.lang.Object)'> (0x0000000084365858) 
thrown [s\src\hotspot\share\interpreter\linkResolver.cpp, line 784]
Event: 5.020 Thread 0x000001cb5115ef80 Exception <a 'java/lang/NoSuchMethodError'{0x0000000084236848}: 'java.lang.Object java.lang.invoke.DirectMethodHandle$Holder.newInvokeSpecial(java.lang.Object, java.lang.Object, int, java.lang.Object)'> (0x0000000084236848) 
thrown [s\src\hotspot\share\interpreter\linkResolver.cpp, line 784]
Event: 5.021 Thread 0x000001cb5115ef80 Exception <a 'java/lang/NoSuchMethodError'{0x000000008423b088}: 'java.lang.Object java.lang.invoke.DirectMethodHandle$Holder.invokeSpecial(java.lang.Object, java.lang.Object, java.lang.Object, int, java.lang.Object)'> (0x000000008423b088) 
thrown [s\src\hotspot\share\interpreter\linkResolver.cpp, line 784]

ZGC Phase Switch (0 events):
No events

VM Operations (20 events):
Event: 4.107 Executing VM operation: HandshakeAllThreads (Deoptimize)
Event: 4.107 Executing VM operation: HandshakeAllThreads (Deoptimize) done
Event: 4.115 Executing VM operation: ICBufferFull
Event: 4.115 Executing VM operation: ICBufferFull done
Event: 4.160 Executing VM operation: G1CollectForAllocation (G1 Evacuation Pause)
Event: 4.166 Executing VM operation: G1CollectForAllocation (G1 Evacuation Pause) done
Event: 4.449 Executing VM operation: HandshakeAllThreads (Deoptimize)
Event: 4.449 Executing VM operation: HandshakeAllThreads (Deoptimize) done
Event: 4.482 Executing VM operation: HandshakeAllThreads (Deoptimize)
Event: 4.482 Executing VM operation: HandshakeAllThreads (Deoptimize) done
Event: 4.499 Executing VM operation: ICBufferFull
Event: 4.499 Executing VM operation: ICBufferFull done
Event: 4.663 Executing VM operation: HandshakeAllThreads (Deoptimize)
Event: 4.664 Executing VM operation: HandshakeAllThreads (Deoptimize) done
Event: 4.699 Executing VM operation: G1CollectForAllocation (G1 Evacuation Pause)
Event: 4.703 Executing VM operation: G1CollectForAllocation (G1 Evacuation Pause) done
Event: 4.711 Executing VM operation: HandshakeAllThreads (Deoptimize)
Event: 4.711 Executing VM operation: HandshakeAllThreads (Deoptimize) done
Event: 5.036 Executing VM operation: HandshakeAllThreads (Deoptimize)
Event: 5.036 Executing VM operation: HandshakeAllThreads (Deoptimize) done

Memory protections (0 events):
No events

Nmethod flushes (20 events):
Event: 3.381 Thread 0x000001cb4f046e20 flushing  nmethod 0x000001cb36874d10
Event: 3.381 Thread 0x000001cb4f046e20 flushing  nmethod 0x000001cb36875090
Event: 3.381 Thread 0x000001cb4f046e20 flushing  nmethod 0x000001cb36875e90
Event: 3.381 Thread 0x000001cb4f046e20 flushing  nmethod 0x000001cb36877610
Event: 3.381 Thread 0x000001cb4f046e20 flushing  nmethod 0x000001cb368ac790
Event: 3.381 Thread 0x000001cb4f046e20 flushing  nmethod 0x000001cb368b0010
Event: 3.381 Thread 0x000001cb4f046e20 flushing  nmethod 0x000001cb368b0390
Event: 3.381 Thread 0x000001cb4f046e20 flushing  nmethod 0x000001cb3693db90
Event: 3.381 Thread 0x000001cb4f046e20 flushing  nmethod 0x000001cb36983290
Event: 3.381 Thread 0x000001cb4f046e20 flushing  nmethod 0x000001cb36983b10
Event: 3.381 Thread 0x000001cb4f046e20 flushing  nmethod 0x000001cb36984b90
Event: 3.381 Thread 0x000001cb4f046e20 flushing  nmethod 0x000001cb36985010
Event: 3.381 Thread 0x000001cb4f046e20 flushing  nmethod 0x000001cb36989010
Event: 3.381 Thread 0x000001cb4f046e20 flushing  nmethod 0x000001cb369f7e90
Event: 3.381 Thread 0x000001cb4f046e20 flushing  nmethod 0x000001cb369f8190
Event: 3.381 Thread 0x000001cb4f046e20 flushing  nmethod 0x000001cb369f9d90
Event: 3.381 Thread 0x000001cb4f046e20 flushing  nmethod 0x000001cb369fc010
Event: 3.381 Thread 0x000001cb4f046e20 flushing  nmethod 0x000001cb36a49190
Event: 3.381 Thread 0x000001cb4f046e20 flushing  nmethod 0x000001cb36a4c290
Event: 3.381 Thread 0x000001cb4f046e20 flushing  nmethod 0x000001cb36a4cc10

Events (20 events):
Event: 1.663 Thread 0x000001cb334b8c00 Thread added: 0x000001cb512ee010
Event: 1.753 Thread 0x000001cb334b8c00 Thread added: 0x000001cb50ce2790
Event: 1.797 Thread 0x000001cb512ee010 Thread added: 0x000001cb50d84720
Event: 1.799 Thread 0x000001cb50d84720 Thread added: 0x000001cb5111ac00
Event: 1.825 Thread 0x000001cb50d84720 Thread added: 0x000001cb5111b270
Event: 1.832 Thread 0x000001cb50d84720 Thread added: 0x000001cb5115ef80
Event: 1.842 Thread 0x000001cb5115ef80 Thread added: 0x000001cb5115bb00
Event: 1.846 Thread 0x000001cb5115ef80 Thread added: 0x000001cb5115e8f0
Event: 1.847 Thread 0x000001cb5115ef80 Thread added: 0x000001cb5115ceb0
Event: 2.165 Thread 0x000001cb5115ef80 Thread added: 0x000001cb5115dbd0
Event: 2.172 Thread 0x000001cb5115ef80 Thread added: 0x000001cb5115d540
Event: 2.194 Thread 0x000001cb5115ef80 Thread added: 0x000001cb5115c190
Event: 3.058 Thread 0x000001cb5115ef80 Thread added: 0x000001cb5115c820
Event: 3.070 Thread 0x000001cb5115ef80 Thread added: 0x000001cb53e6bca0
Event: 3.215 Thread 0x000001cb5115ef80 Thread added: 0x000001cb53e6c9c0
Event: 3.219 Thread 0x000001cb5115ef80 Thread added: 0x000001cb53e6c330
Event: 3.444 Thread 0x000001cb5115ef80 Thread added: 0x000001cb53e69540
Event: 3.468 Thread 0x000001cb5115ef80 Thread added: 0x000001cb53e6a8f0
Event: 3.576 Thread 0x000001cb5115ef80 Thread added: 0x000001cb53e6af80
Event: 3.662 Thread 0x000001cb5115ef80 Thread added: 0x000001cb53e6d050


Dynamic libraries:
0x00007ff600470000 - 0x00007ff60047a000 	C:\Program Files\Android\Android Studio\jbr\bin\java.exe
0x00007fff76820000 - 0x00007fff76a83000 	C:\WINDOWS\SYSTEM32\ntdll.dll
0x00007fff753f0000 - 0x00007fff754b7000 	C:\WINDOWS\System32\KERNEL32.DLL
0x00007fff73a20000 - 0x00007fff73de9000 	C:\WINDOWS\System32\KERNELBASE.dll
0x00007fff73f90000 - 0x00007fff740dc000 	C:\WINDOWS\System32\ucrtbase.dll
0x00007fff5cec0000 - 0x00007fff5ced8000 	C:\Program Files\Android\Android Studio\jbr\bin\jli.dll
0x00007fff53310000 - 0x00007fff5332b000 	C:\Program Files\Android\Android Studio\jbr\bin\VCRUNTIME140.dll
0x00007fff75080000 - 0x00007fff7524a000 	C:\WINDOWS\System32\USER32.dll
0x00007fff73f60000 - 0x00007fff73f87000 	C:\WINDOWS\System32\win32u.dll
0x00007fff492e0000 - 0x00007fff49570000 	C:\WINDOWS\WinSxS\amd64_microsoft.windows.common-controls_6595b64144ccf1df_6.0.26100.3323_none_3e088096e3344490\COMCTL32.dll
0x00007fff74720000 - 0x00007fff7474a000 	C:\WINDOWS\System32\GDI32.dll
0x00007fff74ea0000 - 0x00007fff74f49000 	C:\WINDOWS\System32\msvcrt.dll
0x00007fff74460000 - 0x00007fff74591000 	C:\WINDOWS\System32\gdi32full.dll
0x00007fff74170000 - 0x00007fff74213000 	C:\WINDOWS\System32\msvcp_win.dll
0x00007fff75850000 - 0x00007fff7587f000 	C:\WINDOWS\System32\IMM32.DLL
0x00007fff6e260000 - 0x00007fff6e26c000 	C:\Program Files\Android\Android Studio\jbr\bin\vcruntime140_1.dll
0x00007fff321b0000 - 0x00007fff3223d000 	C:\Program Files\Android\Android Studio\jbr\bin\msvcp140.dll
0x00007fff14560000 - 0x00007fff151e3000 	C:\Program Files\Android\Android Studio\jbr\bin\server\jvm.dll
0x00007fff74f60000 - 0x00007fff75012000 	C:\WINDOWS\System32\ADVAPI32.dll
0x00007fff75a00000 - 0x00007fff75aa6000 	C:\WINDOWS\System32\sechost.dll
0x00007fff758e0000 - 0x00007fff759f6000 	C:\WINDOWS\System32\RPCRT4.dll
0x00007fff76670000 - 0x00007fff766e4000 	C:\WINDOWS\System32\WS2_32.dll
0x00007fff738b0000 - 0x00007fff738fe000 	C:\WINDOWS\SYSTEM32\POWRPROF.dll
0x00007fff6a3b0000 - 0x00007fff6a3e6000 	C:\WINDOWS\SYSTEM32\WINMM.dll
0x00007fff61c50000 - 0x00007fff61c5b000 	C:\WINDOWS\SYSTEM32\VERSION.dll
0x00007fff73890000 - 0x00007fff738a4000 	C:\WINDOWS\SYSTEM32\UMPDC.dll
0x00007fff727a0000 - 0x00007fff727ba000 	C:\WINDOWS\SYSTEM32\kernel.appcore.dll
0x00007fff5cf60000 - 0x00007fff5cf6a000 	C:\Program Files\Android\Android Studio\jbr\bin\jimage.dll
0x00007fff71130000 - 0x00007fff71371000 	C:\WINDOWS\SYSTEM32\DBGHELP.DLL
0x00007fff75b30000 - 0x00007fff75eb2000 	C:\WINDOWS\System32\combase.dll
0x00007fff74640000 - 0x00007fff74716000 	C:\WINDOWS\System32\OLEAUT32.dll
0x00007fff1f910000 - 0x00007fff1f949000 	C:\WINDOWS\SYSTEM32\dbgcore.DLL
0x00007fff745a0000 - 0x00007fff74639000 	C:\WINDOWS\System32\bcryptPrimitives.dll
0x00007fff53260000 - 0x00007fff5326e000 	C:\Program Files\Android\Android Studio\jbr\bin\instrument.dll
0x00007fff53230000 - 0x00007fff53250000 	C:\Program Files\Android\Android Studio\jbr\bin\java.dll
0x00007fff4f500000 - 0x00007fff4f518000 	C:\Program Files\Android\Android Studio\jbr\bin\zip.dll
0x00007fff75ec0000 - 0x00007fff765d5000 	C:\WINDOWS\System32\SHELL32.dll
0x00007fff73df0000 - 0x00007fff73f58000 	C:\WINDOWS\System32\wintypes.dll
0x00007fff716c0000 - 0x00007fff71f05000 	C:\WINDOWS\SYSTEM32\windows.storage.dll
0x00007fff766f0000 - 0x00007fff767db000 	C:\WINDOWS\System32\SHCORE.dll
0x00007fff75020000 - 0x00007fff7507d000 	C:\WINDOWS\System32\shlwapi.dll
0x00007fff73930000 - 0x00007fff7395f000 	C:\WINDOWS\SYSTEM32\profapi.dll
0x00007fff53220000 - 0x00007fff53230000 	C:\Program Files\Android\Android Studio\jbr\bin\net.dll
0x00007fff6c860000 - 0x00007fff6c97e000 	C:\WINDOWS\SYSTEM32\WINHTTP.dll
0x00007fff72d00000 - 0x00007fff72d6a000 	C:\WINDOWS\system32\mswsock.dll
0x00007fff4b100000 - 0x00007fff4b116000 	C:\Program Files\Android\Android Studio\jbr\bin\nio.dll
0x00007fff49a00000 - 0x00007fff49a10000 	C:\Program Files\Android\Android Studio\jbr\bin\verify.dll
0x00007fff4f7e0000 - 0x00007fff4f807000 	C:\Users\USER\.gradle\native\c067742578af261105cb4f569cf0c3c89f3d7b1fecec35dd04571415982c5e48\windows-amd64\native-platform.dll
0x00007fff208f0000 - 0x00007fff20a34000 	C:\Users\USER\.gradle\native\100fb08df4bc3b14c8652ba06237920a3bd2aa13389f12d3474272988ae205f9\windows-amd64\native-platform-file-events.dll
0x00007fff4f3e0000 - 0x00007fff4f3e9000 	C:\Program Files\Android\Android Studio\jbr\bin\management.dll
0x00007fff4f020000 - 0x00007fff4f02b000 	C:\Program Files\Android\Android Studio\jbr\bin\management_ext.dll
0x00007fff74750000 - 0x00007fff74758000 	C:\WINDOWS\System32\PSAPI.DLL
0x00007fff73040000 - 0x00007fff7305c000 	C:\WINDOWS\SYSTEM32\CRYPTSP.dll
0x00007fff72760000 - 0x00007fff7279a000 	C:\WINDOWS\system32\rsaenh.dll
0x00007fff72da0000 - 0x00007fff72dcb000 	C:\WINDOWS\SYSTEM32\USERENV.dll
0x00007fff731d0000 - 0x00007fff731f6000 	C:\WINDOWS\SYSTEM32\bcrypt.dll
0x00007fff72f30000 - 0x00007fff72f3c000 	C:\WINDOWS\SYSTEM32\CRYPTBASE.dll
0x00007fff72220000 - 0x00007fff72253000 	C:\WINDOWS\SYSTEM32\IPHLPAPI.DLL
0x00007fff757e0000 - 0x00007fff757ea000 	C:\WINDOWS\System32\NSI.dll
0x00007fff52510000 - 0x00007fff52519000 	C:\Program Files\Android\Android Studio\jbr\bin\extnet.dll
0x00007fff70330000 - 0x00007fff70338000 	C:\WINDOWS\system32\wshunix.dll

dbghelp: loaded successfully - version: 4.0.5 - missing functions: none
symbol engine: initialized successfully - sym options: 0x614 - pdb path: .;C:\Program Files\Android\Android Studio\jbr\bin;C:\WINDOWS\SYSTEM32;C:\WINDOWS\WinSxS\amd64_microsoft.windows.common-controls_6595b64144ccf1df_6.0.26100.3323_none_3e088096e3344490;C:\Program Files\Android\Android Studio\jbr\bin\server;C:\Users\USER\.gradle\native\c067742578af261105cb4f569cf0c3c89f3d7b1fecec35dd04571415982c5e48\windows-amd64;C:\Users\USER\.gradle\native\100fb08df4bc3b14c8652ba06237920a3bd2aa13389f12d3474272988ae205f9\windows-amd64

VM Arguments:
jvm_args: --add-opens=java.base/java.util=ALL-UNNAMED --add-opens=java.base/java.lang=ALL-UNNAMED --add-opens=java.base/java.lang.invoke=ALL-UNNAMED --add-opens=java.prefs/java.util.prefs=ALL-UNNAMED --add-exports=jdk.compiler/com.sun.tools.javac.api=ALL-UNNAMED --add-exports=jdk.compiler/com.sun.tools.javac.util=ALL-UNNAMED --add-opens=java.base/java.nio.charset=ALL-UNNAMED --add-opens=java.base/java.net=ALL-UNNAMED --add-opens=java.base/java.util.concurrent.atomic=ALL-UNNAMED -Xmx2048m -Dfile.encoding=UTF-8 -Duser.country=FR -Duser.language=fr -Duser.variant -javaagent:C:\Users\USER\.gradle\wrapper\dists\gradle-8.10.2-bin\a04bxjujx95o3nb99gddekhwo\gradle-8.10.2\lib\agents\gradle-instrumentation-agent-8.10.2.jar 
java_command: org.gradle.launcher.daemon.bootstrap.GradleDaemon 8.10.2
java_class_path (initial): C:\Users\USER\.gradle\wrapper\dists\gradle-8.10.2-bin\a04bxjujx95o3nb99gddekhwo\gradle-8.10.2\lib\gradle-daemon-main-8.10.2.jar
Launcher Type: SUN_STANDARD

[Global flags]
     intx CICompilerCount                          = 4                                         {product} {ergonomic}
     uint ConcGCThreads                            = 2                                         {product} {ergonomic}
     uint G1ConcRefinementThreads                  = 8                                         {product} {ergonomic}
   size_t G1HeapRegionSize                         = 1048576                                   {product} {ergonomic}
    uintx GCDrainStackTargetSize                   = 64                                        {product} {ergonomic}
   size_t InitialHeapSize                          = 264241152                                 {product} {ergonomic}
   size_t MarkStackSize                            = 4194304                                   {product} {ergonomic}
   size_t MaxHeapSize                              = 2147483648                                {product} {command line}
   size_t MaxNewSize                               = 1287651328                                {product} {ergonomic}
   size_t MinHeapDeltaBytes                        = 1048576                                   {product} {ergonomic}
   size_t MinHeapSize                              = 8388608                                   {product} {ergonomic}
    uintx NonNMethodCodeHeapSize                   = 5839372                                {pd product} {ergonomic}
    uintx NonProfiledCodeHeapSize                  = 122909434                              {pd product} {ergonomic}
    uintx ProfiledCodeHeapSize                     = 122909434                              {pd product} {ergonomic}
    uintx ReservedCodeCacheSize                    = 251658240                              {pd product} {ergonomic}
     bool SegmentedCodeCache                       = true                                      {product} {ergonomic}
   size_t SoftMaxHeapSize                          = 2147483648                             {manageable} {ergonomic}
     bool UseCompressedOops                        = true                           {product lp64_product} {ergonomic}
     bool UseG1GC                                  = true                                      {product} {ergonomic}
     bool UseLargePagesIndividualAllocation        = false                                  {pd product} {ergonomic}

Logging:
Log output configuration:
 #0: stdout all=warning uptime,level,tags foldmultilines=false
 #1: stderr all=off uptime,level,tags foldmultilines=false

Environment Variables:
PATH=C:\Program Files\Common Files\Oracle\Java\javapath;C:\WINDOWS\system32;C:\WINDOWS;C:\WINDOWS\System32\Wbem;C:\WINDOWS\System32\WindowsPowerShell\v1.0\;C:\WINDOWS\System32\OpenSSH\;C:\Program Files\TortoiseSVN\bin;C:\MinGW\bin;C:\Program Files\CodeBlocks\MinGW\bin;C:\Program Files\Git\cmd;C:\Users\USER\AppData\Local\Microsoft\WindowsApps;
USERNAME=USER
OS=Windows_NT
PROCESSOR_IDENTIFIER=Intel64 Family 6 Model 140 Stepping 1, GenuineIntel
TMP=C:\Users\USER\AppData\Local\Temp
TEMP=C:\Users\USER\AppData\Local\Temp




Periodic native trim disabled

JNI global refs:
JNI global refs: 25, weak refs: 0

JNI global refs memory usage: 835, weak refs: 833

Process memory usage:
Resident Set Size: 293316K (1% of 16449752K total physical memory with 3603792K free physical memory)

OOME stack traces (most recent first):
Classloader memory used:
Loader org.gradle.internal.classloader.VisitableURLClassLoader                         : 25158K
Loader bootstrap                                                                       : 21643K
Loader org.gradle.initialization.MixInLegacyTypesClassLoader                           : 5397K
Loader jdk.internal.loader.ClassLoaders$PlatformClassLoader                            : 537K
Loader jdk.internal.loader.ClassLoaders$AppClassLoader                                 : 234K
Loader org.gradle.internal.classloader.VisitableURLClassLoader                         : 19136B

Classes loaded by more than one classloader:
Class org.gradle.internal.classloader.FilteringClassLoader                            : loaded 2 times (x 101B)
Class org.gradle.internal.classloader.ClassLoaderHierarchy                            : loaded 2 times (x 66B)
Class org.gradle.api.internal.classpath.ManifestUtil                                  : loaded 2 times (x 67B)
Class org.gradle.internal.classloader.DefaultClassLoaderFactory                       : loaded 2 times (x 78B)
Class org.gradle.internal.classloader.ClassLoaderVisitor                              : loaded 2 times (x 72B)
Class org.gradle.api.internal.classpath.EffectiveClassPath                            : loaded 2 times (x 86B)
Class org.gradle.api.internal.DefaultClassPathProvider                                : loaded 2 times (x 72B)
Class [Lorg.gradle.api.internal.ClassPathProvider;                                    : loaded 2 times (x 65B)
Class org.gradle.api.internal.ClassPathProvider                                       : loaded 2 times (x 66B)
Class org.gradle.internal.service.UnknownServiceException                             : loaded 2 times (x 79B)
Class org.gradle.internal.classpath.TransformedClassPath                              : loaded 2 times (x 92B)
Class org.gradle.internal.classloader.InstrumentingClassLoader                        : loaded 2 times (x 66B)
Class org.gradle.internal.service.ServiceLocator                                      : loaded 2 times (x 66B)
Class org.gradle.internal.InternalTransformer                                         : loaded 2 times (x 66B)
Class org.gradle.internal.classloader.ClasspathUtil$1                                 : loaded 2 times (x 72B)
Class org.gradle.api.internal.classpath.DefaultModuleRegistry$DefaultModule           : loaded 2 times (x 82B)
Class org.gradle.api.internal.classpath.Module                                        : loaded 2 times (x 66B)
Class org.gradle.api.internal.classpath.UnknownModuleException                        : loaded 2 times (x 78B)
Class org.gradle.api.internal.DefaultClassPathRegistry                                : loaded 2 times (x 72B)
Class org.gradle.api.internal.ClassPathRegistry                                       : loaded 2 times (x 66B)
Class org.gradle.internal.classpath.DefaultClassPath$ImmutableUniqueList              : loaded 2 times (x 195B)
Class org.gradle.internal.classpath.ClassPath                                         : loaded 2 times (x 66B)
Class org.gradle.api.UncheckedIOException                                             : loaded 2 times (x 78B)
Class org.gradle.internal.installation.GradleInstallation$1                           : loaded 2 times (x 71B)
Class org.gradle.api.internal.classpath.ModuleRegistry                                : loaded 2 times (x 66B)
Class org.gradle.api.internal.classpath.DefaultModuleRegistry                         : loaded 2 times (x 82B)
Class org.gradle.internal.service.ServiceLookupException                              : loaded 2 times (x 78B)
Class org.gradle.internal.classloader.ClassLoaderFactory                              : loaded 2 times (x 66B)
Class org.gradle.internal.service.CachingServiceLocator                               : loaded 2 times (x 78B)
Class org.gradle.internal.classloader.ClasspathUtil                                   : loaded 2 times (x 67B)
Class org.gradle.api.specs.Spec                                                       : loaded 2 times (x 66B)
Class org.gradle.internal.classloader.VisitableURLClassLoader$InstrumentingVisitableURLClassLoader: loaded 2 times (x 119B)
Class org.gradle.internal.classloader.VisitableURLClassLoader$Spec                    : loaded 2 times (x 70B)
Class org.gradle.internal.classpath.DefaultClassPath                                  : loaded 2 times (x 86B)
Class org.gradle.internal.classloader.ClassLoaderSpec                                 : loaded 2 times (x 67B)
Class org.gradle.internal.classloader.VisitableURLClassLoader                         : loaded 2 times (x 113B)
Class org.gradle.internal.Cast                                                        : loaded 2 times (x 67B)
Class org.gradle.api.Action                                                           : loaded 2 times (x 66B)
Class org.gradle.internal.classpath.DefaultClassPath$ImmutableUniqueList$Builder      : loaded 2 times (x 71B)
Class org.gradle.api.GradleException                                                  : loaded 2 times (x 78B)
Class org.gradle.internal.IoActions                                                   : loaded 2 times (x 67B)
Class org.gradle.internal.classloader.SystemClassLoaderSpec                           : loaded 2 times (x 67B)
Class org.gradle.api.internal.classpath.GlobalCacheRootsProvider                      : loaded 2 times (x 66B)
Class org.gradle.internal.installation.CurrentGradleInstallationLocator               : loaded 2 times (x 67B)
Class org.gradle.internal.service.DefaultServiceLocator                               : loaded 2 times (x 79B)
Class org.gradle.internal.installation.CurrentGradleInstallation                      : loaded 2 times (x 69B)
Class org.gradle.util.internal.GUtil                                                  : loaded 2 times (x 67B)
Class org.gradle.internal.installation.GradleInstallation                             : loaded 2 times (x 71B)

---------------  S Y S T E M  ---------------

OS:
 Windows 11 , 64 bit Build 26100 (10.0.26100.3323)
OS uptime: 4 days 22:43 hours
Hyper-V role detected

CPU: total 8 (initial active 8) (4 cores per cpu, 2 threads per core) family 6 model 140 stepping 1 microcode 0xb8, cx8, cmov, fxsr, ht, mmx, 3dnowpref, sse, sse2, sse3, ssse3, sse4.1, sse4.2, popcnt, lzcnt, tsc, tscinvbit, avx, avx2, aes, erms, clmul, bmi1, bmi2, adx, avx512f, avx512dq, avx512cd, avx512bw, avx512vl, sha, fma, vzeroupper, avx512_vpopcntdq, avx512_vpclmulqdq, avx512_vaes, avx512_vnni, clflush, clflushopt, clwb, avx512_vbmi2, avx512_vbmi, hv, rdtscp, rdpid, fsrm, gfni, avx512_bitalg, f16c, cet_ibt, cet_ss, avx512_ifma
Processor Information for all 8 processors :
  Max Mhz: 2419, Current Mhz: 2419, Mhz Limit: 2419

Memory: 4k page, system-wide physical 16064M (3517M free)
TotalPageFile size 18112M (AvailPageFile size 35M)
current process WorkingSet (physical memory assigned to process): 285M, peak: 290M
current process commit charge ("private bytes"): 320M, peak: 382M

vm_info: OpenJDK 64-Bit Server VM (21.0.4+-12508038-b607.1) for windows-amd64 JRE (21.0.4+-12508038-b607.1), built on 2024-10-16T17:23:34Z by "builder" with MS VC++ 16.10 / 16.11 (VS2019)

END.
