\BOOKMARK [1][-]{section.1}{\376\377\000I\000n\000t\000r\000o\000d\000u\000c\000t\000i\000o\000n}{}% 1
\BOOKMARK [1][-]{section.2}{\376\377\000G\000u\000i\000d\000e\000\040\000d\000e\000\040\000l\000e\000c\000t\000u\000r\000e}{}% 2
\BOOKMARK [2][-]{subsection.2.1}{\376\377\000M\000a\000\356\000t\000r\000i\000s\000e\000\040\000d\040\031\001\123\000u\000v\000r\000e}{section.2}% 3
\BOOKMARK [3][-]{subsubsection.2.1.1}{\376\377\000R\000e\000s\000p\000o\000n\000s\000a\000b\000l\000e}{subsection.2.1}% 4
\BOOKMARK [3][-]{subsubsection.2.1.2}{\376\377\000P\000e\000r\000s\000o\000n\000n\000e\000l\000\040\000t\000e\000c\000h\000n\000i\000q\000u\000e}{subsection.2.1}% 5
\BOOKMARK [2][-]{subsection.2.2}{\376\377\000M\000a\000\356\000t\000r\000i\000s\000e\000\040\000d\000'\000o\000u\000v\000r\000a\000g\000e}{section.2}% 6
\BOOKMARK [1][-]{section.3}{\376\377\000C\000o\000n\000c\000e\000p\000t\000s\000\040\000d\000e\000\040\000b\000a\000s\000e}{}% 7
\BOOKMARK [1][-]{section.4}{\376\377\000C\000o\000n\000t\000e\000x\000t\000e}{}% 8
\BOOKMARK [1][-]{section.5}{\376\377\000H\000i\000s\000t\000o\000r\000i\000q\000u\000e}{}% 9
\BOOKMARK [1][-]{section.6}{\376\377\000D\000e\000s\000c\000r\000i\000p\000t\000i\000o\000n\000\040\000d\000e\000\040\000l\000a\000\040\000d\000e\000m\000a\000n\000d\000e}{}% 10
\BOOKMARK [2][-]{subsection.6.1}{\376\377\000L\000e\000s\000\040\000o\000b\000j\000e\000c\000t\000i\000f\000s}{section.6}% 11
\BOOKMARK [2][-]{subsection.6.2}{\376\377\000P\000r\000o\000d\000u\000i\000t\000\040\000d\000u\000\040\000p\000r\000o\000j\000e\000t}{section.6}% 12
\BOOKMARK [2][-]{subsection.6.3}{\376\377\000L\000e\000s\000\040\000f\000o\000n\000c\000t\000i\000o\000n\000s\000\040\000d\000u\000\040\000p\000r\000o\000d\000u\000i\000t}{section.6}% 13
\BOOKMARK [3][-]{subsubsection.6.3.1}{\376\377\000F\000o\000n\000c\000t\000i\000o\000n\000n\000a\000l\000i\000t\000\351\000s\000\040\000i\000n\000d\000i\000s\000p\000e\000n\000s\000a\000b\000l\000e\000s}{subsection.6.3}% 14
\BOOKMARK [3][-]{subsubsection.6.3.2}{\376\377\000F\000o\000n\000c\000t\000i\000o\000n\000n\000a\000l\000i\000t\000\351\000s\000\040\000o\000p\000t\000i\000o\000n\000n\000e\000l\000l\000e\000s}{subsection.6.3}% 15
\BOOKMARK [3][-]{subsubsection.6.3.3}{\376\377\000F\000o\000n\000c\000t\000i\000o\000n\000n\000a\000l\000i\000t\000\351\000s\000\040\000p\000e\000r\000s\000p\000e\000c\000t\000i\000v\000e\000s}{subsection.6.3}% 16
\BOOKMARK [2][-]{subsection.6.4}{\376\377\000C\000r\000i\000t\000\350\000r\000e\000s\000\040\000d\040\031\000a\000c\000c\000e\000p\000t\000a\000b\000i\000l\000i\000t\000\351\000\040\000e\000t\000\040\000d\000e\000\040\000r\000\351\000c\000e\000p\000t\000i\000o\000n}{section.6}% 17
\BOOKMARK [1][-]{section.7}{\376\377\000C\000o\000n\000t\000r\000a\000i\000n\000t\000e\000s}{}% 18
\BOOKMARK [2][-]{subsection.7.1}{\376\377\000C\000o\000n\000t\000r\000a\000i\000n\000t\000e\000s\000\040\000d\000e\000\040\000c\000o\000\373\000t\000s}{section.7}% 19
\BOOKMARK [2][-]{subsection.7.2}{\376\377\000C\000o\000n\000t\000r\000a\000i\000n\000t\000e\000s\000\040\000d\000e\000\040\000d\000\351\000l\000a\000i\000s}{section.7}% 20
\BOOKMARK [2][-]{subsection.7.3}{\376\377\000C\000o\000n\000t\000r\000a\000i\000n\000t\000e\000s\000\040\000m\000a\000t\000\351\000r\000i\000e\000l\000l\000e\000s}{section.7}% 21
\BOOKMARK [2][-]{subsection.7.4}{\376\377\000A\000u\000t\000r\000e\000s\000\040\000c\000o\000n\000t\000r\000a\000i\000n\000t\000e\000s}{section.7}% 22
\BOOKMARK [3][-]{subsubsection.7.4.1}{\376\377\000C\000o\000n\000t\000r\000a\000i\000n\000t\000e\000s\000\040\000t\000e\000c\000h\000n\000i\000q\000u\000e\000s}{subsection.7.4}% 23
\BOOKMARK [3][-]{subsubsection.7.4.2}{\376\377\000C\000o\000n\000t\000r\000a\000i\000n\000t\000e\000s\000\040\000f\000o\000n\000c\000t\000i\000o\000n\000n\000e\000l\000l\000e\000s}{subsection.7.4}% 24
\BOOKMARK [3][-]{subsubsection.7.4.3}{\376\377\000C\000o\000n\000t\000r\000a\000i\000n\000t\000e\000s\000\040\000l\000\351\000g\000a\000l\000e\000s\000\040\000e\000t\000\040\000\351\000t\000h\000i\000q\000u\000e\000s}{subsection.7.4}% 25
\BOOKMARK [1][-]{section.8}{\376\377\000D\000\351\000r\000o\000u\000l\000e\000m\000e\000n\000t\000\040\000d\000u\000\040\000p\000r\000o\000j\000e\000t}{}% 26
\BOOKMARK [2][-]{subsection.8.1}{\376\377\000P\000l\000a\000n\000i\000f\000i\000c\000a\000t\000i\000o\000n}{section.8}% 27
\BOOKMARK [2][-]{subsection.8.2}{\376\377\000R\000e\000s\000s\000o\000u\000r\000c\000e\000s}{section.8}% 28
\BOOKMARK [3][-]{subsubsection.8.2.1}{\376\377\000R\000e\000s\000s\000o\000u\000r\000c\000e\000s\000\040\000m\000a\000t\000\351\000r\000i\000e\000l\000l\000e\000s}{subsection.8.2}% 29
\BOOKMARK [3][-]{subsubsection.8.2.2}{\376\377\000R\000e\000s\000s\000o\000u\000r\000c\000e\000s\000\040\000h\000u\000m\000a\000i\000n\000e\000s}{subsection.8.2}% 30
\BOOKMARK [1][-]{section.9}{\376\377\000\311\000t\000u\000d\000e\000\040\000d\000e\000\040\000m\000a\000r\000c\000h\000\351}{}% 31
\BOOKMARK [2][-]{subsection.9.1}{\376\377\000P\000u\000b\000l\000i\000q\000u\000e\000\040\000c\000i\000b\000l\000e}{section.9}% 32
\BOOKMARK [2][-]{subsection.9.2}{\376\377\000F\000o\000n\000c\000t\000i\000o\000n\000n\000a\000l\000i\000t\000\351\000s\000\040\000u\000n\000i\000q\000u\000e\000s}{section.9}% 33
\BOOKMARK [2][-]{subsection.9.3}{\376\377\000C\000o\000n\000c\000u\000r\000r\000e\000n\000c\000e\000s}{section.9}% 34
\BOOKMARK [2][-]{subsection.9.4}{\376\377\000P\000o\000s\000i\000t\000i\000o\000n\000n\000e\000m\000e\000n\000t}{section.9}% 35
\BOOKMARK [1][-]{section.10}{\376\377\000A\000n\000n\000e\000x\000e\000s}{}% 36
\BOOKMARK [2][-]{subsection.10.1}{\376\377\000G\000i\000t\000h\000u\000b}{section.10}% 37
\BOOKMARK [1][-]{section.11}{\376\377\000G\000l\000o\000s\000s\000a\000i\000r\000e}{}% 38
\BOOKMARK [1][-]{section.12}{\376\377\000R\000\351\000f\000\351\000r\000e\000n\000c\000e\000s}{}% 39
